[LOG] System::create                           : Header version = 2.01.09. Current version = 2.01.09.
[LOG] Manager::init                            : maxchannels = 256 studioflags = 00000006 flags 00000000 extradriverdata 0000000000000000.
[LOG] SystemI::init                            : Initialize version=20109 (115889), maxchannels=256, flags=0x00020000
[LOG] SystemI::setOutputInternal               : Setting output to 'FMOD WASAPI Output'
[LOG] OutputWASAPI::init                       : Mix Format (WAVEFORMATEX): wFormatTag=0xFFFE, nChannels=2, nSamplesPerSec=48000, nAvgBytesPerSec=384000, nBlockAlign=8, wBitsPerSample=32, cbSize=22.
[LOG] OutputWASAPI::init                       : Mix Format (WAVEFORMATEXTENSIBLE): wValidBitsPerSample=32, dwChannelMask=0x00000003, SubFormat=00000003-0000-0010-8000-00AA00389B71.
[LOG] OutputWASAPI::init                       : Output buffer size: 4096 samples, latency: 0.00ms, period: 10.00ms, DSP buffer: 1024 * 4
[LOG] Thread::initThread                       : Init FMOD stream thread. Affinity: 0x8000000000000003, Priority: 0xFFFF7FFB, Stack Size: 98304, Semaphore: No, Sleep Time: 10, Looping: Yes.
[LOG] Thread::initThread                       : Init FMOD mixer thread. Affinity: 0x8000000000000001, Priority: 0xFFFF7FFA, Stack Size: 81920, Semaphore: No, Sleep Time: 0, Looping: Yes.
[LOG] AsyncManager::init                       : manager 00000184E7DEED08 isAsync 0 updatePeriod 0.02
[LOG] AsyncManager::init                       : done
[LOG] PlaybackSystem::init                     : 
[LOG] Thread::initThread                       : Init FMOD Studio sample load thread. Affinity: 0x8000000000000003, Priority: 0xFFFF7FFD, Stack Size: 98304, Semaphore: No, Sleep Time: 1, Looping: No.
[LOG] PlaybackSystem::init                     : done
[LOG] Thread::initThread                       : Init FMOD Studio bank load thread. Affinity: 0x8000000000000003, Priority: 0xFFFF7FFD, Stack Size: 98304, Semaphore: No, Sleep Time: 1, Looping: No.
[LOG] Manager::init                            : done.
[LOG] Manager::readBank                        : fileversion = 135, compatVersion = 132 (oldest = 44, newest = 135)
[LOG] Manager::readBank                        : fileversion = 135, compatVersion = 132 (oldest = 44, newest = 135)
[LOG] SystemI::mixerSuspend                    : Suspending output.
[LOG] SystemI::mixerResume                     : Resuming output.
[LOG] SoundI::release                          :  (00000184827F97D8)
[LOG] SoundI::release                          :     Robot Game music layer 3 (00000184824D6258)
[LOG] SoundI::release                          :  (00000184827F9668)
[LOG] SoundI::release                          :     Robot Game music Echo (00000184824D7298)
[LOG] SoundI::release                          :  (00000184827F9AB8)
[LOG] SoundI::release                          :     Robot Game music layer 1 (00000184824D63F8)
[LOG] SoundI::release                          :  (00000184827F5B78)
[LOG] SoundI::release                          :     Robot Game music layer 2 (00000184824D7438)
[LOG] SoundI::release                          :  (00000184827F6E28)
[LOG] SoundI::release                          :     Gen 2 Online (00000184824D7778)
[LOG] SoundI::release                          :  (00000184827F8698)
[LOG] SoundI::release                          :     Chainsaw Bot (00000182C5DA03E8)
[LOG] SoundI::release                          :  (00000184827F8248)
[LOG] SoundI::release                          :     Gen 3 Online (00000182C5D9FBC8)
[LOG] SoundI::release                          :  (00000184827F8808)
[LOG] SoundI::release                          :     Robots, Voice, Droid, Sci-Fi, Emote 1 SND7194 1 (00000184824D08F8)
[LOG] SoundI::release                          :  (00000184827F6CB8)
[LOG] SoundI::release                          :     Robots, Voice, Droid, Sci-Fi, Emote 11 SND7184 (00000184824D5BD8)
[LOG] SoundI::release                          :  (00000184827F7558)
[LOG] SoundI::release                          :     Robots, Voice, Droid, Sci-Fi, Emote 23 SND7172 1 (00000184824D7AB8)
[LOG] SoundI::release                          :  (00000184827F9218)
[LOG] SoundI::release                          :     Robots, Voice, Droid, Sci-Fi, Emote 23 SND7172 2 (00000184824D4D38)
[LOG] SoundI::release                          :  (00000184827F62A8)
[LOG] SoundI::release                          :     Robots, Voice, Droid, Sci-Fi, Emote 9 SND7186 1 (00000182C5DA0DA8)
[LOG] SoundI::release                          :  (00000184827F76C8)
[LOG] SoundI::release                          :     Robots, Voice, Droid, Sci-Fi, Emote 9 SND7186 2 (00000182C5DA0248)
[LOG] SoundI::release                          :  (00000184827F7278)
[LOG] SoundI::release                          :     PICKUP BATTERY (00000184824D46B8)
[LOG] SoundI::release                          :  (00000184827F5FC8)
[LOG] SoundI::release                          :     Battery Runs Out (00000184824D68D8)
[LOG] SoundI::release                          :  (00000184827F9388)
[LOG] SoundI::release                          :     Drop Wire  (00000184824D41D8)
[LOG] SoundI::release                          :  (00000184827F7DF8)
[LOG] SoundI::release                          :     Crate Crush 1 (00000184824D39B8)
[LOG] SoundI::release                          :  (00000184827F8978)
[LOG] SoundI::release                          :     Crate Crush 2 (00000182C5DA0728)
[LOG] SoundI::release                          :  (00000184827F79A8)
[LOG] SoundI::release                          :     Crate Crush 3 (00000182C5D9FF08)
[LOG] SoundI::release                          :  (00000184827F6418)
[LOG] SoundI::release                          :     Gen 1 Online (00000182C5D9F3A8)
[LOG] SoundI::release                          :  (00000184827F6868)
[LOG] SoundI::release                          :     Wire Hold (Static) (00000184824D6DB8)
[LOG] SoundI::release                          :  (00000184827F7F68)
[LOG] SoundI::release                          :     Ventilation (00000182C5DA0588)
[LOG] SoundI::release                          :  (00000184827F6138)
[LOG] SoundI::release                          :     Door Open (00000184824CFA58)
[LOG] SoundI::release                          :  (00000184827F66F8)
[LOG] SoundI::release                          :     Furnace (00000182C5D9F208)
[LOG] SoundI::release                          :  (00000184827F80D8)
[LOG] SoundI::release                          :     Gen 4 Online (00000182C5D9FA28)
[LOG] SoundI::release                          :  (00000184827F5898)
[LOG] SoundI::release                          :     Select Wire (00000184824D3B58)
[LOG] SoundI::release                          :  (00000184827F5A08)
[LOG] SoundI::release                          :     Game Complete (00000184824D2498)
[LOG] SoundI::release                          :  (00000184827F5E58)
[LOG] SoundI::release                          :     Box Push  (00000182C5D9F888)
[LOG] SoundI::release                          :  (00000184827F73E8)
[LOG] SoundI::release                          :     Remote Control (00000184824D53B8)
[LOG] SoundI::release                          :  (00000184827F5CE8)
[LOG] SoundI::release                          :     Battery Low (00000184824D27D8)
[LOG] SoundI::release                          :  (00000184827F83B8)
[LOG] SoundI::release                          :     Conveyor Belt (00000184824D2CB8)
[LOG] SoundI::release                          :  (00000184827F69D8)
[LOG] SoundI::release                          :     Battery Nominal (00000184824D0F78)
[LOG] SoundI::release                          :  (00000184827F94F8)
[LOG] SoundI::release                          :     Pressure Plate Activae (00000184824CF8B8)
[LOG] SoundI::release                          :  (00000184827F6B48)
[LOG] SoundI::release                          :     Robot Move (00000184824CF238)
[LOG] SoundI::release                          :  (00000184827F6588)
[LOG] SoundI::release                          :     Ambience Loop (00000184824D0C38)
[LOG] Thread::callback                         : FMOD Studio update thread finished.
[LOG] Thread::callback                         : FMOD Studio bank load thread finished.
[LOG] Profile::disconnectAll                   : Profiler disconnecting all clients
[LOG] Thread::callback                         : FMOD Studio sample load thread finished.
[LOG] LiveUpdate::release                      : 
[LOG] LiveUpdate::reset                        : Reset connection (reason Disconnected)
[LOG] Thread::callback                         : FMOD stream thread finished.
[LOG] Thread::callback                         : FMOD mixer thread finished.
[LOG] Profile::disconnectAll                   : Profiler disconnecting all clients
[LOG] SystemI::close                           : Closed.
[LOG] Manager::readBank                        : fileversion = 135, compatVersion = 132 (oldest = 44, newest = 135)
[LOG] Manager::readBank                        : fileversion = 135, compatVersion = 132 (oldest = 44, newest = 135)
